# JRE version: Java(TM) SE Runtime Environment (8.0_45-b15) (build 1.8.0_45-b15)
# Java VM: Java HotSpot(TM) 64-Bit Server VM (25.45-b02 mixed mode windows-amd64 compressed oops)
Heap:
 PSYoungGen      total 324096K, used 224656K [0x00000000eab00000, 0x0000000100000000, 0x0000000100000000)
  eden space 299008K, 75% used [0x00000000eab00000,0x00000000f86643f0,0x00000000fcf00000)
  from space 25088K, 0% used [0x00000000fcf00000,0x00000000fcf00000,0x00000000fe780000)
  to   space 24576K, 0% used [0x00000000fe800000,0x00000000fe800000,0x0000000100000000)
 ParOldGen       total 82432K, used 38322K [0x00000000c0000000, 0x00000000c5080000, 0x00000000eab00000)
  object space 82432K, 46% used [0x00000000c0000000,0x00000000c256caa8,0x00000000c5080000)
 Metaspace       used 58512K, capacity 60170K, committed 60288K, reserved 1101824K
  class space    used 7659K, capacity 8018K, committed 8064K, reserved 1048576K
GC Heap History (10 events):
Event: 4846.658 GC heap before
{Heap before GC invocations=25 (full 6):
 PSYoungGen      total 328704K, used 134715K [0x00000000eab00000, 0x0000000100000000, 0x0000000100000000)
  eden space 308224K, 43% used [0x00000000eab00000,0x00000000f2e8ed30,0x00000000fd800000)
  from space 20480K, 0% used [0x00000000fec00000,0x00000000fec00000,0x0000000100000000)
  to   space 20480K, 0% used [0x00000000fd800000,0x00000000fd800000,0x00000000fec00000)
 ParOldGen       total 82432K, used 34555K [0x00000000c0000000, 0x00000000c5080000, 0x00000000eab00000)
  object space 82432K, 41% used [0x00000000c0000000,0x00000000c21bec28,0x00000000c5080000)
 Metaspace       used 57859K, capacity 59274K, committed 59776K, reserved 1101824K
  class space    used 7590K, capacity 7907K, committed 8064K, reserved 1048576K
Event: 4846.665 GC heap after
Heap after GC invocations=25 (full 6):
 PSYoungGen      total 328704K, used 4624K [0x00000000eab00000, 0x0000000100000000, 0x0000000100000000)
  eden space 308224K, 0% used [0x00000000eab00000,0x00000000eab00000,0x00000000fd800000)
  from space 20480K, 22% used [0x00000000fd800000,0x00000000fdc84030,0x00000000fec00000)
  to   space 19456K, 0% used [0x00000000fed00000,0x00000000fed00000,0x0000000100000000)
 ParOldGen       total 82432K, used 34563K [0x00000000c0000000, 0x00000000c5080000, 0x00000000eab00000)
  object space 82432K, 41% used [0x00000000c0000000,0x00000000c21c0c28,0x00000000c5080000)
 Metaspace       used 57859K, capacity 59274K, committed 59776K, reserved 1101824K
  class space    used 7590K, capacity 7907K, committed 8064K, reserved 1048576K
}
Event: 4846.665 GC heap before
{Heap before GC invocations=26 (full 7):
 PSYoungGen      total 328704K, used 4624K [0x00000000eab00000, 0x0000000100000000, 0x0000000100000000)
  eden space 308224K, 0% used [0x00000000eab00000,0x00000000eab00000,0x00000000fd800000)
  from space 20480K, 22% used [0x00000000fd800000,0x00000000fdc84030,0x00000000fec00000)
  to   space 19456K, 0% used [0x00000000fed00000,0x00000000fed00000,0x0000000100000000)
 ParOldGen       total 82432K, used 34563K [0x00000000c0000000, 0x00000000c5080000, 0x00000000eab00000)
  object space 82432K, 41% used [0x00000000c0000000,0x00000000c21c0c28,0x00000000c5080000)
 Metaspace       used 57859K, capacity 59274K, committed 59776K, reserved 1101824K
  class space    used 7590K, capacity 7907K, committed 8064K, reserved 1048576K
Event: 4846.850 GC heap after
Heap after GC invocations=26 (full 7):
 PSYoungGen      total 328704K, used 0K [0x00000000eab00000, 0x0000000100000000, 0x0000000100000000)
  eden space 308224K, 0% used [0x00000000eab00000,0x00000000eab00000,0x00000000fd800000)
  from space 20480K, 0% used [0x00000000fd800000,0x00000000fd800000,0x00000000fec00000)
  to   space 19456K, 0% used [0x00000000fed00000,0x00000000fed00000,0x0000000100000000)
 ParOldGen       total 82432K, used 31718K [0x00000000c0000000, 0x00000000c5080000, 0x00000000eab00000)
  object space 82432K, 38% used [0x00000000c0000000,0x00000000c1ef9be0,0x00000000c5080000)
 Metaspace       used 57383K, capacity 58436K, committed 59776K, reserved 1101824K
  class space    used 7469K, capacity 7664K, committed 8064K, reserved 1048576K
}
Event: 5075.658 GC heap before
{Heap before GC invocations=27 (full 7):
 PSYoungGen      total 328704K, used 308224K [0x00000000eab00000, 0x0000000100000000, 0x0000000100000000)
  eden space 308224K, 100% used [0x00000000eab00000,0x00000000fd800000,0x00000000fd800000)
  from space 20480K, 0% used [0x00000000fd800000,0x00000000fd800000,0x00000000fec00000)
  to   space 19456K, 0% used [0x00000000fed00000,0x00000000fed00000,0x0000000100000000)
 ParOldGen       total 82432K, used 31718K [0x00000000c0000000, 0x00000000c5080000, 0x00000000eab00000)
  object space 82432K, 38% used [0x00000000c0000000,0x00000000c1ef9be0,0x00000000c5080000)
 Metaspace       used 58215K, capacity 59792K, committed 60032K, reserved 1101824K
  class space    used 7630K, capacity 7983K, committed 8064K, reserved 1048576K
Event: 5075.676 GC heap after
Heap after GC invocations=27 (full 7):
 PSYoungGen      total 318464K, used 19447K [0x00000000eab00000, 0x0000000100000000, 0x0000000100000000)
  eden space 299008K, 0% used [0x00000000eab00000,0x00000000eab00000,0x00000000fcf00000)
  from space 19456K, 99% used [0x00000000fed00000,0x00000000ffffddf0,0x0000000100000000)
  to   space 25088K, 0% used [0x00000000fcf00000,0x00000000fcf00000,0x00000000fe780000)
 ParOldGen       total 82432K, used 37206K [0x00000000c0000000, 0x00000000c5080000, 0x00000000eab00000)
  object space 82432K, 45% used [0x00000000c0000000,0x00000000c2455b80,0x00000000c5080000)
 Metaspace       used 58215K, capacity 59792K, committed 60032K, reserved 1101824K
  class space    used 7630K, capacity 7983K, committed 8064K, reserved 1048576K
}
Event: 5080.084 GC heap before
{Heap before GC invocations=28 (full 7):
 PSYoungGen      total 318464K, used 112494K [0x00000000eab00000, 0x0000000100000000, 0x0000000100000000)
  eden space 299008K, 31% used [0x00000000eab00000,0x00000000f05dddb8,0x00000000fcf00000)
  from space 19456K, 99% used [0x00000000fed00000,0x00000000ffffddf0,0x0000000100000000)
  to   space 25088K, 0% used [0x00000000fcf00000,0x00000000fcf00000,0x00000000fe780000)
 ParOldGen       total 82432K, used 37206K [0x00000000c0000000, 0x00000000c5080000, 0x00000000eab00000)
  object space 82432K, 45% used [0x00000000c0000000,0x00000000c2455b80,0x00000000c5080000)
 Metaspace       used 58303K, capacity 59862K, committed 60032K, reserved 1101824K
  class space    used 7636K, capacity 7984K, committed 8064K, reserved 1048576K
Event: 5080.124 GC heap after
Heap after GC invocations=28 (full 7):
 PSYoungGen      total 324096K, used 2064K [0x00000000eab00000, 0x0000000100000000, 0x0000000100000000)
  eden space 299008K, 0% used [0x00000000eab00000,0x00000000eab00000,0x00000000fcf00000)
  from space 25088K, 8% used [0x00000000fcf00000,0x00000000fd104010,0x00000000fe780000)
  to   space 24576K, 0% used [0x00000000fe800000,0x00000000fe800000,0x0000000100000000)
 ParOldGen       total 82432K, used 54807K [0x00000000c0000000, 0x00000000c5080000, 0x00000000eab00000)
  object space 82432K, 66% used [0x00000000c0000000,0x00000000c3585d18,0x00000000c5080000)
 Metaspace       used 58303K, capacity 59862K, committed 60032K, reserved 1101824K
  class space    used 7636K, capacity 7984K, committed 8064K, reserved 1048576K
}
Event: 5080.124 GC heap before
{Heap before GC invocations=29 (full 8):
 PSYoungGen      total 324096K, used 2064K [0x00000000eab00000, 0x0000000100000000, 0x0000000100000000)
  eden space 299008K, 0% used [0x00000000eab00000,0x00000000eab00000,0x00000000fcf00000)
  from space 25088K, 8% used [0x00000000fcf00000,0x00000000fd104010,0x00000000fe780000)
  to   space 24576K, 0% used [0x00000000fe800000,0x00000000fe800000,0x0000000100000000)
 ParOldGen       total 82432K, used 54807K [0x00000000c0000000, 0x00000000c5080000, 0x00000000eab00000)
  object space 82432K, 66% used [0x00000000c0000000,0x00000000c3585d18,0x00000000c5080000)
 Metaspace       used 58303K, capacity 59862K, committed 60032K, reserved 1101824K
  class space    used 7636K, capacity 7984K, committed 8064K, reserved 1048576K
Event: 5080.410 GC heap after
Heap after GC invocations=29 (full 8):
 PSYoungGen      total 324096K, used 0K [0x00000000eab00000, 0x0000000100000000, 0x0000000100000000)
  eden space 299008K, 0% used [0x00000000eab00000,0x00000000eab00000,0x00000000fcf00000)
  from space 25088K, 0% used [0x00000000fcf00000,0x00000000fcf00000,0x00000000fe780000)
  to   space 24576K, 0% used [0x00000000fe800000,0x00000000fe800000,0x0000000100000000)
 ParOldGen       total 82432K, used 38322K [0x00000000c0000000, 0x00000000c5080000, 0x00000000eab00000)
  object space 82432K, 46% used [0x00000000c0000000,0x00000000c256caa8,0x00000000c5080000)
 Metaspace       used 58287K, capacity 59808K, committed 60032K, reserved 1101824K
  class space    used 7631K, capacity 7975K, committed 8064K, reserved 1048576K
}

